<?xml version="1.0" encoding="UTF-8"?>
<testng-results total="1" passed="1" failed="0" skipped="0">
  <reporter-output>
  </reporter-output>
  <suite started-at="2020-05-29T19:43:53Z" name="Suite" finished-at="2020-05-29T19:43:56Z" duration-ms="2706">
    <groups>
    </groups>
    <test started-at="2020-05-29T19:43:53Z" name="Test" finished-at="2020-05-29T19:43:56Z" duration-ms="2706">
      <class name="maven.fisrtgit.AppTest">
        <test-method is-config="true" signature="setup()[pri:0, instance:maven.fisrtgit.AppTest@e7edb54]" started-at="2020-05-29T12:43:53Z" name="setup" finished-at="2020-05-29T12:43:56Z" duration-ms="2526" status="PASS">
          <reporter-output>
          </reporter-output>
        </test-method> <!-- setup -->
        <test-method signature="testApp()[pri:0, instance:maven.fisrtgit.AppTest@e7edb54]" started-at="2020-05-29T12:43:56Z" name="testApp" finished-at="2020-05-29T12:43:56Z" duration-ms="34" status="PASS">
          <reporter-output>
          </reporter-output>
        </test-method> <!-- testApp -->
        <test-method is-config="true" signature="tear()[pri:0, instance:maven.fisrtgit.AppTest@e7edb54]" started-at="2020-05-29T12:43:56Z" name="tear" finished-at="2020-05-29T12:43:56Z" duration-ms="136" status="PASS">
          <reporter-output>
          </reporter-output>
        </test-method> <!-- tear -->
      </class> <!-- maven.fisrtgit.AppTest -->
    </test> <!-- Test -->
  </suite> <!-- Suite -->
</testng-results>
