<?xml version="1.0" encoding="UTF-8"?>
<testng-results total="1" passed="1" failed="0" skipped="0">
  <reporter-output>
  </reporter-output>
  <suite started-at="2020-05-29T19:44:28Z" name="Default suite" finished-at="2020-05-29T19:44:30Z" duration-ms="2377">
    <groups>
    </groups>
    <test started-at="2020-05-29T19:44:28Z" name="Default test" finished-at="2020-05-29T19:44:30Z" duration-ms="2377">
      <class name="maven.fisrtgit.AppTest">
        <test-method is-config="true" signature="setup()[pri:0, instance:maven.fisrtgit.AppTest@28f3b248]" started-at="2020-05-29T12:44:28Z" name="setup" finished-at="2020-05-29T12:44:30Z" duration-ms="2164" status="PASS">
          <reporter-output>
          </reporter-output>
        </test-method> <!-- setup -->
        <test-method signature="testApp()[pri:0, instance:maven.fisrtgit.AppTest@28f3b248]" started-at="2020-05-29T12:44:30Z" name="testApp" finished-at="2020-05-29T12:44:30Z" duration-ms="43" status="PASS">
          <reporter-output>
          </reporter-output>
        </test-method> <!-- testApp -->
        <test-method is-config="true" signature="tear()[pri:0, instance:maven.fisrtgit.AppTest@28f3b248]" started-at="2020-05-29T12:44:30Z" name="tear" finished-at="2020-05-29T12:44:30Z" duration-ms="150" status="PASS">
          <reporter-output>
          </reporter-output>
        </test-method> <!-- tear -->
      </class> <!-- maven.fisrtgit.AppTest -->
    </test> <!-- Default test -->
  </suite> <!-- Default suite -->
</testng-results>
